resumed: already have 4 cells
[baseline/birkholz] skipping (already done)
[baseline/baker] skipping (already done)
[strict_thr/birkholz] skipping (already done)
[strict_thr/baker] skipping (already done)
[loose_thr/birkholz] artemisinin


          MOPAC Job: "/tmp/tmpevsfb4aq/job.mop" ended normally on May 25, 2026, at 22:13.



          MOPAC Job: "/tmp/tmpevsfb4aq/job.mop" ended normally on May 25, 2026, at 22:13.



          MOPAC Job: "/tmp/tmpevsfb4aq/job.mop" ended normally on May 25, 2026, at 22:13.



          MOPAC Job: "/tmp/tmpevsfb4aq/job.mop" ended normally on May 25, 2026, at 22:13.



          MOPAC Job: "/tmp/tmpevsfb4aq/job.mop" ended normally on May 25, 2026, at 22:13.



          MOPAC Job: "/tmp/tmpevsfb4aq/job.mop" ended normally on May 25, 2026, at 22:13.



          MOPAC Job: "/tmp/tmpevsfb4aq/job.mop" ended normally on May 25, 2026, at 22:13.



          MOPAC Job: "/tmp/tmpevsfb4aq/job.mop" ended normally on May 25, 2026, at 22:13.



          MOPAC Job: "/tmp/tmpevsfb4aq/job.mop" ended normally on May 25, 2026, at 22:13.



          MOPAC Job: "/tmp/tmpevsfb4aq/job.mop" ended normally on May 25, 2026, at 22:13.



          MOPAC Job: "/tmp/tmpevsfb4aq/job.mop" ended normally on May 25, 2026, at 22:13.



          MOPAC Job: "/tmp/tmpevsfb4aq/job.mop" ended normally on May 25, 2026, at 22:13.



          MOPAC Job: "/tmp/tmpevsfb4aq/job.mop" ended normally on May 25, 2026, at 22:13.



          MOPAC Job: "/tmp/tmpevsfb4aq/job.mop" ended normally on May 25, 2026, at 22:13.



          MOPAC Job: "/tmp/tmpevsfb4aq/job.mop" ended normally on May 25, 2026, at 22:13.



          MOPAC Job: "/tmp/tmpevsfb4aq/job.mop" ended normally on May 25, 2026, at 22:13.



          MOPAC Job: "/tmp/tmpevsfb4aq/job.mop" ended normally on May 25, 2026, at 22:13.



          MOPAC Job: "/tmp/tmpevsfb4aq/job.mop" ended normally on May 25, 2026, at 22:13.



          MOPAC Job: "/tmp/tmpevsfb4aq/job.mop" ended normally on May 25, 2026, at 22:13.



          MOPAC Job: "/tmp/tmpevsfb4aq/job.mop" ended normally on May 25, 2026, at 22:13.



          MOPAC Job: "/tmp/tmpevsfb4aq/job.mop" ended normally on May 25, 2026, at 22:13.



          MOPAC Job: "/tmp/tmpevsfb4aq/job.mop" ended normally on May 25, 2026, at 22:13.



          MOPAC Job: "/tmp/tmpevsfb4aq/job.mop" ended normally on May 25, 2026, at 22:13.



          MOPAC Job: "/tmp/tmpevsfb4aq/job.mop" ended normally on May 25, 2026, at 22:13.



          MOPAC Job: "/tmp/tmpevsfb4aq/job.mop" ended normally on May 25, 2026, at 22:13.

[loose_thr/birkholz] avobenzone


          MOPAC Job: "/tmp/tmptagq73i5/job.mop" ended normally on May 25, 2026, at 22:13.



          MOPAC Job: "/tmp/tmptagq73i5/job.mop" ended normally on May 25, 2026, at 22:13.



          MOPAC Job: "/tmp/tmptagq73i5/job.mop" ended normally on May 25, 2026, at 22:13.



          MOPAC Job: "/tmp/tmptagq73i5/job.mop" ended normally on May 25, 2026, at 22:13.



          MOPAC Job: "/tmp/tmptagq73i5/job.mop" ended normally on May 25, 2026, at 22:14.



          MOPAC Job: "/tmp/tmptagq73i5/job.mop" ended normally on May 25, 2026, at 22:14.



          MOPAC Job: "/tmp/tmptagq73i5/job.mop" ended normally on May 25, 2026, at 22:14.



          MOPAC Job: "/tmp/tmptagq73i5/job.mop" ended normally on May 25, 2026, at 22:14.



          MOPAC Job: "/tmp/tmptagq73i5/job.mop" ended normally on May 25, 2026, at 22:14.



          MOPAC Job: "/tmp/tmptagq73i5/job.mop" ended normally on May 25, 2026, at 22:14.



          MOPAC Job: "/tmp/tmptagq73i5/job.mop" ended normally on May 25, 2026, at 22:14.



          MOPAC Job: "/tmp/tmptagq73i5/job.mop" ended normally on May 25, 2026, at 22:14.



          MOPAC Job: "/tmp/tmptagq73i5/job.mop" ended normally on May 25, 2026, at 22:14.



          MOPAC Job: "/tmp/tmptagq73i5/job.mop" ended normally on May 25, 2026, at 22:14.



          MOPAC Job: "/tmp/tmptagq73i5/job.mop" ended normally on May 25, 2026, at 22:14.



          MOPAC Job: "/tmp/tmptagq73i5/job.mop" ended normally on May 25, 2026, at 22:14.



          MOPAC Job: "/tmp/tmptagq73i5/job.mop" ended normally on May 25, 2026, at 22:14.



          MOPAC Job: "/tmp/tmptagq73i5/job.mop" ended normally on May 25, 2026, at 22:14.



          MOPAC Job: "/tmp/tmptagq73i5/job.mop" ended normally on May 25, 2026, at 22:14.



          MOPAC Job: "/tmp/tmptagq73i5/job.mop" ended normally on May 25, 2026, at 22:14.



          MOPAC Job: "/tmp/tmptagq73i5/job.mop" ended normally on May 25, 2026, at 22:14.



          MOPAC Job: "/tmp/tmptagq73i5/job.mop" ended normally on May 25, 2026, at 22:14.



          MOPAC Job: "/tmp/tmptagq73i5/job.mop" ended normally on May 25, 2026, at 22:14.



          MOPAC Job: "/tmp/tmptagq73i5/job.mop" ended normally on May 25, 2026, at 22:14.



          MOPAC Job: "/tmp/tmptagq73i5/job.mop" ended normally on May 25, 2026, at 22:14.



          MOPAC Job: "/tmp/tmptagq73i5/job.mop" ended normally on May 25, 2026, at 22:14.



          MOPAC Job: "/tmp/tmptagq73i5/job.mop" ended normally on May 25, 2026, at 22:14.



          MOPAC Job: "/tmp/tmptagq73i5/job.mop" ended normally on May 25, 2026, at 22:14.



          MOPAC Job: "/tmp/tmptagq73i5/job.mop" ended normally on May 25, 2026, at 22:14.



          MOPAC Job: "/tmp/tmptagq73i5/job.mop" ended normally on May 25, 2026, at 22:14.



          MOPAC Job: "/tmp/tmptagq73i5/job.mop" ended normally on May 25, 2026, at 22:14.



          MOPAC Job: "/tmp/tmptagq73i5/job.mop" ended normally on May 25, 2026, at 22:14.



          MOPAC Job: "/tmp/tmptagq73i5/job.mop" ended normally on May 25, 2026, at 22:14.



          MOPAC Job: "/tmp/tmptagq73i5/job.mop" ended normally on May 25, 2026, at 22:14.



          MOPAC Job: "/tmp/tmptagq73i5/job.mop" ended normally on May 25, 2026, at 22:14.



          MOPAC Job: "/tmp/tmptagq73i5/job.mop" ended normally on May 25, 2026, at 22:14.



          MOPAC Job: "/tmp/tmptagq73i5/job.mop" ended normally on May 25, 2026, at 22:14.



          MOPAC Job: "/tmp/tmptagq73i5/job.mop" ended normally on May 25, 2026, at 22:14.



          MOPAC Job: "/tmp/tmptagq73i5/job.mop" ended normally on May 25, 2026, at 22:14.



          MOPAC Job: "/tmp/tmptagq73i5/job.mop" ended normally on May 25, 2026, at 22:14.



          MOPAC Job: "/tmp/tmptagq73i5/job.mop" ended normally on May 25, 2026, at 22:14.



          MOPAC Job: "/tmp/tmptagq73i5/job.mop" ended normally on May 25, 2026, at 22:14.



          MOPAC Job: "/tmp/tmptagq73i5/job.mop" ended normally on May 25, 2026, at 22:14.



          MOPAC Job: "/tmp/tmptagq73i5/job.mop" ended normally on May 25, 2026, at 22:14.



          MOPAC Job: "/tmp/tmptagq73i5/job.mop" ended normally on May 25, 2026, at 22:14.

